<?xml version="1.0" encoding="UTF-8"?>
<testsuite xmlns:xsi="http://www.w3.org/2001/XMLSchema-instance" xsi:noNamespaceSchemaLocation="https://maven.apache.org/surefire/maven-surefire-plugin/xsd/surefire-test-report.xsd" name="se.yrgo.models.BookCatalogTest" time="0.024" tests="5" errors="0" skipped="0" failures="0">
  <properties>
[...]
</properties>
  <testcase name="testAddBook" classname="se.yrgo.models.BookCatalogTest" time="0.012"/>
  <testcase name="testFindBook" classname="se.yrgo.models.BookCatalogTest" time="0"/>
  <testcase name="testFindBookIgnoringCase" classname="se.yrgo.models.BookCatalogTest" time="0"/>
  <testcase name="testFindBookWithExtraSpaces" classname="se.yrgo.models.BookCatalogTest" time="0.001"/>
  <testcase name="testFindBookThatDoesntExist" classname="se.yrgo.models.BookCatalogTest" time="0.001"/>
</testsuite>